{"ts":1782717968913,"action":"IDE_DEACTIVATED"}
{"ts":1782717972877,"action":"IDE_ACTIVATED"}
{"ts":1782717965263,"action":"PROJECT_OPENED","tags":{"PROJECT_NAME":"oxygen-platform"}}
{"ts":1782718324774,"action":"IDE_DEACTIVATED"}
{"ts":1782768071897,"action":"IDE_ACTIVATED"}
{"ts":1782768130820,"action":"IDE_DEACTIVATED"}
{"ts":1782768257907,"action":"IDE_ACTIVATED"}
{"ts":1782768260928,"action":"IDE_DEACTIVATED"}
{"ts":1782768801171,"action":"IDE_ACTIVATED"}
{"ts":1782768809991,"action":"IDE_DEACTIVATED"}
{"ts":1782768859354,"action":"IDE_ACTIVATED"}
{"ts":1782768860182,"action":"IDE_DEACTIVATED"}
{"ts":1782768862847,"action":"IDE_ACTIVATED"}
{"ts":1782768965879,"action":"IDE_DEACTIVATED"}
{"ts":1782768966072,"action":"IDE_ACTIVATED"}
{"ts":1782768966802,"action":"IDE_DEACTIVATED"}
{"ts":1782768967208,"action":"IDE_ACTIVATED"}
{"ts":1782768968018,"action":"IDE_DEACTIVATED"}
{"ts":1782769019982,"action":"IDE_ACTIVATED"}
{"ts":1782769021124,"action":"IDE_DEACTIVATED"}
{"ts":1782769063714,"action":"IDE_ACTIVATED"}
{"ts":1782769064540,"action":"IDE_DEACTIVATED"}
{"ts":1782769064743,"action":"IDE_ACTIVATED"}
{"ts":1782769067141,"action":"IDE_DEACTIVATED"}
{"ts":1782769096806,"action":"IDE_ACTIVATED"}
{"ts":1782769105121,"action":"IDE_DEACTIVATED"}
{"ts":1782769106604,"action":"IDE_ACTIVATED"}
{"ts":1782769107196,"action":"IDE_DEACTIVATED"}
{"ts":1782769116551,"action":"IDE_ACTIVATED"}
{"ts":1782769120279,"action":"IDE_DEACTIVATED"}
{"ts":1782769199598,"action":"IDE_ACTIVATED"}
{"ts":1782769202441,"action":"IDE_DEACTIVATED"}
{"ts":1782769203008,"action":"IDE_ACTIVATED"}
{"ts":1782769203462,"action":"IDE_DEACTIVATED"}
{"ts":1782769206478,"action":"IDE_ACTIVATED"}
{"ts":1782769209759,"action":"IDE_DEACTIVATED"}
{"ts":1782769210866,"action":"IDE_ACTIVATED"}
{"ts":1782769211385,"action":"IDE_DEACTIVATED"}
{"ts":1782769214420,"action":"IDE_ACTIVATED"}
{"ts":1782769240615,"action":"IDE_DEACTIVATED"}
{"ts":1782769255945,"action":"IDE_ACTIVATED"}
{"ts":1782769259154,"action":"IDE_DEACTIVATED"}
{"ts":1782769260737,"action":"IDE_ACTIVATED"}
{"ts":1782769261354,"action":"IDE_DEACTIVATED"}
{"ts":1782769277958,"action":"IDE_ACTIVATED"}
{"ts":1782769302073,"action":"IDE_DEACTIVATED"}
{"ts":1782769309185,"action":"IDE_ACTIVATED"}
{"ts":1782769338124,"action":"IDE_DEACTIVATED"}
{"ts":1782769351641,"action":"IDE_ACTIVATED"}
{"ts":1782769381134,"action":"IDE_DEACTIVATED"}
{"ts":1782769399274,"action":"IDE_ACTIVATED"}
{"ts":1782769400000,"action":"IDE_DEACTIVATED"}
{"ts":1782769401449,"action":"IDE_ACTIVATED"}
{"ts":1782769481833,"action":"IDE_DEACTIVATED"}
{"ts":1782769546196,"action":"IDE_ACTIVATED"}
{"ts":1782769546431,"action":"IDE_DEACTIVATED"}
{"ts":1782769548054,"action":"IDE_ACTIVATED"}
{"ts":1782769653279,"action":"IDE_DEACTIVATED"}
{"ts":1782769653712,"action":"IDE_ACTIVATED"}
{"ts":1782769658960,"action":"IDE_DEACTIVATED"}
{"ts":1782769740883,"action":"IDE_ACTIVATED"}
{"ts":1782769742216,"action":"IDE_DEACTIVATED"}
{"ts":1782769745127,"action":"IDE_ACTIVATED"}
{"ts":1782769995780,"action":"IDE_DEACTIVATED"}
{"ts":1782769999815,"action":"IDE_ACTIVATED"}
{"ts":1782770004372,"action":"IDE_DEACTIVATED"}
{"ts":1782770007880,"action":"IDE_ACTIVATED"}
{"ts":1782770008336,"action":"IDE_DEACTIVATED"}
{"ts":1782770054521,"action":"IDE_ACTIVATED"}
{"ts":1782770159922,"action":"IDE_DEACTIVATED"}
{"ts":1782770162639,"action":"IDE_ACTIVATED"}
{"ts":1782770165426,"action":"IDE_DEACTIVATED"}
{"ts":1782770177120,"action":"IDE_ACTIVATED"}
{"ts":1782770177825,"action":"IDE_DEACTIVATED"}
{"ts":1782770184722,"action":"IDE_ACTIVATED"}
{"ts":1782770291003,"action":"IDE_DEACTIVATED"}
{"ts":1782770291130,"action":"IDE_ACTIVATED"}
{"ts":1782770292466,"action":"IDE_DEACTIVATED"}
{"ts":1782770300008,"action":"IDE_ACTIVATED"}
{"ts":1782770300748,"action":"IDE_DEACTIVATED"}
{"ts":1782770301215,"action":"IDE_ACTIVATED"}
{"ts":1782770301828,"action":"IDE_DEACTIVATED"}
{"ts":1782770302441,"action":"IDE_ACTIVATED"}
{"ts":1782770397288,"action":"IDE_DEACTIVATED"}
{"ts":1782770398445,"action":"IDE_ACTIVATED"}
{"ts":1782770398628,"action":"IDE_DEACTIVATED"}
{"ts":1782770410329,"action":"IDE_ACTIVATED"}
{"ts":1782770429666,"action":"IDE_DEACTIVATED"}
{"ts":1782770430416,"action":"IDE_ACTIVATED"}
{"ts":1782770430776,"action":"IDE_DEACTIVATED"}
{"ts":1782770456147,"action":"IDE_ACTIVATED"}
{"ts":1782770456673,"action":"IDE_DEACTIVATED"}
{"ts":1782770459065,"action":"IDE_ACTIVATED"}
{"ts":1782770578825,"action":"IDE_DEACTIVATED"}
{"ts":1782770579117,"action":"IDE_ACTIVATED"}
{"ts":1782770585345,"action":"IDE_DEACTIVATED"}
{"ts":1782770591721,"action":"IDE_ACTIVATED"}
{"ts":1782770592438,"action":"IDE_DEACTIVATED"}
{"ts":1782770593740,"action":"IDE_ACTIVATED"}
{"ts":1782770729118,"action":"IDE_DEACTIVATED"}
{"ts":1782770730459,"action":"IDE_ACTIVATED"}
{"ts":1782770730935,"action":"IDE_DEACTIVATED"}
{"ts":1782770749652,"action":"IDE_ACTIVATED"}
{"ts":1782770751260,"action":"IDE_DEACTIVATED"}
{"ts":1782770757534,"action":"IDE_ACTIVATED"}
{"ts":1782770765284,"action":"IDE_DEACTIVATED"}
{"ts":1782770766937,"action":"IDE_ACTIVATED"}
{"ts":1782770774490,"action":"IDE_DEACTIVATED"}
{"ts":1782770785949,"action":"IDE_ACTIVATED"}
{"ts":1782770786868,"action":"IDE_DEACTIVATED"}
{"ts":1782770788162,"action":"IDE_ACTIVATED"}
{"ts":1782770929394,"action":"IDE_DEACTIVATED"}
{"ts":1782770929592,"action":"IDE_ACTIVATED"}
{"ts":1782770930607,"action":"IDE_DEACTIVATED"}
{"ts":1782770938992,"action":"IDE_ACTIVATED"}
{"ts":1782770940261,"action":"IDE_DEACTIVATED"}
{"ts":1782770944451,"action":"IDE_ACTIVATED"}
{"ts":1782770945105,"action":"IDE_DEACTIVATED"}
{"ts":1782770947298,"action":"IDE_ACTIVATED"}
{"ts":1782771061041,"action":"IDE_DEACTIVATED"}
{"ts":1782771061233,"action":"IDE_ACTIVATED"}
{"ts":1782771063202,"action":"IDE_DEACTIVATED"}
{"ts":1782771076856,"action":"IDE_ACTIVATED"}
{"ts":1782771077468,"action":"IDE_DEACTIVATED"}
{"ts":1782771078846,"action":"IDE_ACTIVATED"}
{"ts":1782771189866,"action":"IDE_DEACTIVATED"}
{"ts":1782771190672,"action":"IDE_ACTIVATED"}
{"ts":1782771203748,"action":"IDE_DEACTIVATED"}
{"ts":1782771209429,"action":"IDE_ACTIVATED"}
{"ts":1782771209891,"action":"IDE_DEACTIVATED"}
{"ts":1782771211043,"action":"IDE_ACTIVATED"}
{"ts":1782771305679,"action":"IDE_DEACTIVATED"}
{"ts":1782771308111,"action":"IDE_ACTIVATED"}
{"ts":1782771336686,"action":"IDE_DEACTIVATED"}
{"ts":1782771337223,"action":"IDE_ACTIVATED"}
{"ts":1782771354979,"action":"IDE_DEACTIVATED"}
{"ts":1782771356499,"action":"IDE_ACTIVATED"}
{"ts":1782771369326,"action":"IDE_DEACTIVATED"}
{"ts":1782771374055,"action":"IDE_ACTIVATED"}
{"ts":1782771463792,"action":"FILE_CLOSED","file":"/init.sql","tags":{"FILE_LINE_OF_CODE":"262"}}
{"ts":1782771463792,"action":"FILE_OPENED","file":"/oxygen-pojo/src/main/java/com/ethercraft/dto/ChatSessionCreateDTO.java","tags":{"FILE_LINE_OF_CODE":"29"}}
{"ts":1782771468976,"action":"IDE_DEACTIVATED"}
{"ts":1782771972956,"action":"IDE_ACTIVATED"}
{"ts":1782771977752,"action":"FILE_CLOSED","file":"/oxygen-pojo/src/main/java/com/ethercraft/dto/ChatSessionCreateDTO.java","tags":{"FILE_LINE_OF_CODE":"29"}}
{"ts":1782771977752,"action":"FILE_OPENED","file":"/init.sql","tags":{"FILE_LINE_OF_CODE":"12"}}
{"ts":1782772049091,"action":"FILE_CLOSED","file":"/resources/init.sql","tags":{"FILE_LINE_OF_CODE":"12"}}
{"ts":1782772049091,"action":"FILE_OPENED","file":"/resources/sql/00_database.sql","tags":{"FILE_LINE_OF_CODE":"7"}}
{"ts":1782772050071,"action":"FILE_CLOSED","file":"/resources/sql/00_database.sql","tags":{"FILE_LINE_OF_CODE":"7"}}
{"ts":1782772050071,"action":"FILE_OPENED","file":"/resources/sql/02_knowledge.sql","tags":{"FILE_LINE_OF_CODE":"158"}}
{"ts":1782772068438,"action":"FILE_CLOSED","file":"/resources/sql/02_knowledge.sql","tags":{"FILE_LINE_OF_CODE":"158"}}
{"ts":1782772068438,"action":"FILE_OPENED","file":"/resources/sql/04_rag.sql","tags":{"FILE_LINE_OF_CODE":"64"}}
{"ts":1782772069036,"action":"FILE_CLOSED","file":"/resources/sql/04_rag.sql","tags":{"FILE_LINE_OF_CODE":"64"}}
{"ts":1782772069036,"action":"FILE_OPENED","file":"/resources/sql/05_operation_log.sql","tags":{"FILE_LINE_OF_CODE":"21"}}
{"ts":1782772071144,"action":"FILE_CLOSED","file":"/resources/sql/05_operation_log.sql","tags":{"FILE_LINE_OF_CODE":"21"}}
{"ts":1782772071144,"action":"FILE_OPENED","file":"/resources/sql/99_seed_data.sql","tags":{"FILE_LINE_OF_CODE":"38"}}
{"ts":1782772077434,"action":"FILE_CLOSED","file":"/resources/sql/99_seed_data.sql","tags":{"FILE_LINE_OF_CODE":"38"}}
{"ts":1782772077434,"action":"FILE_OPENED","file":"/resources/init.sql","tags":{"FILE_LINE_OF_CODE":"12"}}
{"ts":1782772102253,"action":"IDE_DEACTIVATED"}
{"ts":1782772105490,"action":"IDE_ACTIVATED"}
{"ts":1782772106931,"action":"IDE_DEACTIVATED"}
{"ts":1782772133830,"action":"IDE_ACTIVATED"}
{"ts":1782772136107,"action":"FILE_CLOSED","file":"/resources/init.sql","tags":{"FILE_LINE_OF_CODE":"12"}}
{"ts":1782772136107,"action":"FILE_OPENED","file":"/resources/sql/05_operation_log.sql","tags":{"FILE_LINE_OF_CODE":"21"}}
{"ts":1782772137290,"action":"FILE_CLOSED","file":"/resources/sql/05_operation_log.sql","tags":{"FILE_LINE_OF_CODE":"21"}}
{"ts":1782772137290,"action":"FILE_OPENED","file":"/resources/init.sql","tags":{"FILE_LINE_OF_CODE":"12"}}
{"ts":1782772139997,"action":"FILE_CLOSED","file":"/resources/init.sql","tags":{"FILE_LINE_OF_CODE":"12"}}
{"ts":1782772139997,"action":"FILE_OPENED","file":"/resources/sql/00_database.sql","tags":{"FILE_LINE_OF_CODE":"7"}}
{"ts":1782772141018,"action":"FILE_CLOSED","file":"/resources/sql/00_database.sql","tags":{"FILE_LINE_OF_CODE":"7"}}
{"ts":1782772141018,"action":"FILE_OPENED","file":"/resources/sql/02_knowledge.sql","tags":{"FILE_LINE_OF_CODE":"158"}}
{"ts":1782772154096,"action":"IDE_DEACTIVATED"}
{"ts":1782772156871,"action":"IDE_ACTIVATED"}
{"ts":1782772160562,"action":"FILE_CLOSED","file":"/resources/sql/02_knowledge.sql","tags":{"FILE_LINE_OF_CODE":"158"}}
{"ts":1782772160562,"action":"FILE_OPENED","file":"/resources/init.sql","tags":{"FILE_LINE_OF_CODE":"12"}}
{"ts":1782772178462,"action":"IDE_DEACTIVATED"}
{"ts":1782772179852,"action":"IDE_ACTIVATED"}
{"ts":1782772180703,"action":"IDE_DEACTIVATED"}
{"ts":1782772214891,"action":"IDE_ACTIVATED"}
{"ts":1782772218002,"action":"IDE_DEACTIVATED"}
{"ts":1782772266255,"action":"IDE_ACTIVATED"}
{"ts":1782772289157,"action":"FILE_OPENED","file":"/oxygen-pojo/src/main/java/com/ethercraft/dto/ChatSessionCreateDTO.java","tags":{"FILE_LINE_OF_CODE":"29"}}
{"ts":1782772294179,"action":"FILE_CLOSED","file":"/oxygen-pojo/src/main/java/com/ethercraft/dto/ChatSessionCreateDTO.java","tags":{"FILE_LINE_OF_CODE":"29"}}
{"ts":1782772294179,"action":"FILE_OPENED","file":"/resources/sql/00_database.sql","tags":{"FILE_LINE_OF_CODE":"7"}}
{"ts":1782772294187,"action":"FILE_CLOSED","file":"/resources/sql/00_database.sql","tags":{"FILE_LINE_OF_CODE":"7"}}
{"ts":1782772295402,"action":"FILE_OPENED","file":"/resources/sql/00_database.sql","tags":{"FILE_LINE_OF_CODE":"7"}}
{"ts":1782772298045,"action":"FILE_CLOSED","file":"/resources/sql/00_database.sql","tags":{"FILE_LINE_OF_CODE":"7"}}
{"ts":1782772298046,"action":"FILE_OPENED","file":"/resources/sql/99_seed_data.sql","tags":{"FILE_LINE_OF_CODE":"38"}}
{"ts":1782772308493,"action":"FILE_CLOSED","file":"/resources/sql/99_seed_data.sql","tags":{"FILE_LINE_OF_CODE":"38"}}
{"ts":1782772308493,"action":"FILE_OPENED","file":"/resources/sql/00_database.sql","tags":{"FILE_LINE_OF_CODE":"7"}}
{"ts":1782772317191,"action":"FILE_CLOSED","file":"/resources/sql/00_database.sql","tags":{"FILE_LINE_OF_CODE":"7"}}
{"ts":1782772317191,"action":"FILE_OPENED","file":"/resources/sql/99_seed_data.sql","tags":{"FILE_LINE_OF_CODE":"38"}}
{"ts":1782772324700,"action":"FILE_CLOSED","file":"/resources/sql/99_seed_data.sql","tags":{"FILE_LINE_OF_CODE":"38"}}
{"ts":1782772324700,"action":"FILE_OPENED","file":"/resources/sql/04_rag.sql","tags":{"FILE_LINE_OF_CODE":"64"}}
{"ts":1782772325234,"action":"FILE_CLOSED","file":"/resources/sql/04_rag.sql","tags":{"FILE_LINE_OF_CODE":"64"}}
{"ts":1782772325234,"action":"FILE_OPENED","file":"/resources/sql/05_operation_log.sql","tags":{"FILE_LINE_OF_CODE":"21"}}
{"ts":1782772327063,"action":"FILE_CLOSED","file":"/resources/sql/05_operation_log.sql","tags":{"FILE_LINE_OF_CODE":"21"}}
{"ts":1782772327063,"action":"FILE_OPENED","file":"/resources/sql/00_database.sql","tags":{"FILE_LINE_OF_CODE":"7"}}
{"ts":1782772328744,"action":"FILE_CLOSED","file":"/resources/sql/00_database.sql","tags":{"FILE_LINE_OF_CODE":"7"}}
{"ts":1782772328744,"action":"FILE_OPENED","file":"/resources/sql/01_sys_rbac.sql","tags":{"FILE_LINE_OF_CODE":"80"}}
{"ts":1782772330147,"action":"FILE_CLOSED","file":"/resources/sql/01_sys_rbac.sql","tags":{"FILE_LINE_OF_CODE":"80"}}
{"ts":1782772330147,"action":"FILE_OPENED","file":"/resources/sql/00_database.sql","tags":{"FILE_LINE_OF_CODE":"7"}}
{"ts":1782772337266,"action":"IDE_DEACTIVATED"}
{"ts":1782772410994,"action":"IDE_ACTIVATED"}
{"ts":1782772412327,"action":"FILE_CLOSED","file":"/resources/sql/00_database.sql","tags":{"FILE_LINE_OF_CODE":"7"}}
{"ts":1782772412327,"action":"FILE_OPENED","file":"/resources/sql/01_sys_rbac.sql","tags":{"FILE_LINE_OF_CODE":"80"}}
{"ts":1782772418583,"action":"IDE_DEACTIVATED"}
{"ts":1782772426957,"action":"IDE_ACTIVATED"}
{"ts":1782772432597,"action":"IDE_DEACTIVATED"}
{"ts":1782772500481,"action":"IDE_ACTIVATED"}
{"ts":1782772504612,"action":"FILE_CLOSED","file":"/resources/sql/01_sys_rbac.sql","tags":{"FILE_LINE_OF_CODE":"80"}}
{"ts":1782772504612,"action":"FILE_OPENED","file":"/resources/sql/00_database.sql","tags":{"FILE_LINE_OF_CODE":"7"}}
{"ts":1782772505421,"action":"FILE_CLOSED","file":"/resources/sql/00_database.sql","tags":{"FILE_LINE_OF_CODE":"7"}}
{"ts":1782772505421,"action":"FILE_OPENED","file":"/resources/sql/01_sys_rbac.sql","tags":{"FILE_LINE_OF_CODE":"80"}}
{"ts":1782772510154,"action":"FILE_CLOSED","file":"/resources/sql/01_sys_rbac.sql","tags":{"FILE_LINE_OF_CODE":"80"}}
{"ts":1782772510154,"action":"FILE_OPENED","file":"/resources/sql/02_knowledge.sql","tags":{"FILE_LINE_OF_CODE":"158"}}
{"ts":1782772512570,"action":"FILE_CLOSED","file":"/resources/sql/02_knowledge.sql","tags":{"FILE_LINE_OF_CODE":"158"}}
{"ts":1782772512570,"action":"FILE_OPENED","file":"/resources/sql/03_chat.sql","tags":{"FILE_LINE_OF_CODE":"47"}}
{"ts":1782772518952,"action":"FILE_CLOSED","file":"/resources/sql/03_chat.sql","tags":{"FILE_LINE_OF_CODE":"47"}}
{"ts":1782772518952,"action":"FILE_OPENED","file":"/resources/sql/04_rag.sql","tags":{"FILE_LINE_OF_CODE":"64"}}
{"ts":1782772519656,"action":"FILE_CLOSED","file":"/resources/sql/04_rag.sql","tags":{"FILE_LINE_OF_CODE":"64"}}
{"ts":1782772519656,"action":"FILE_OPENED","file":"/resources/sql/05_operation_log.sql","tags":{"FILE_LINE_OF_CODE":"21"}}
{"ts":1782772523210,"action":"FILE_CLOSED","file":"/resources/sql/05_operation_log.sql","tags":{"FILE_LINE_OF_CODE":"21"}}
{"ts":1782772523210,"action":"FILE_OPENED","file":"/resources/sql/00_database.sql","tags":{"FILE_LINE_OF_CODE":"7"}}
{"ts":1782772524643,"action":"IDE_DEACTIVATED"}
{"ts":1782772525647,"action":"IDE_ACTIVATED"}
{"ts":1782772529156,"action":"FILE_CLOSED","file":"/resources/sql/00_database.sql","tags":{"FILE_LINE_OF_CODE":"7"}}
{"ts":1782772529156,"action":"FILE_OPENED","file":"/resources/sql/02_knowledge.sql","tags":{"FILE_LINE_OF_CODE":"158"}}
{"ts":1782772592579,"action":"IDE_DEACTIVATED"}
{"ts":1782772594007,"action":"IDE_ACTIVATED"}
{"ts":1782772594994,"action":"IDE_DEACTIVATED"}
{"ts":1782772598786,"action":"IDE_ACTIVATED"}
{"ts":1782772606857,"action":"FILE_CLOSED","file":"/resources/sql/02_knowledge.sql","tags":{"FILE_LINE_OF_CODE":"158"}}
{"ts":1782772606857,"action":"FILE_OPENED","file":"/resources/sql/03_chat.sql","tags":{"FILE_LINE_OF_CODE":"47"}}
{"ts":1782772606860,"action":"FILE_CLOSED","file":"/resources/sql/03_chat.sql","tags":{"FILE_LINE_OF_CODE":"47"}}
{"ts":1782772607975,"action":"FILE_OPENED","file":"/resources/sql/00_database.sql","tags":{"FILE_LINE_OF_CODE":"7"}}
{"ts":1782772612230,"action":"FILE_CLOSED","file":"/resources/sql/00_database.sql","tags":{"FILE_LINE_OF_CODE":"7"}}
{"ts":1782772612230,"action":"FILE_OPENED","file":"/resources/sql/01_sys_rbac.sql","tags":{"FILE_LINE_OF_CODE":"80"}}
{"ts":1782772623158,"action":"FILE_CLOSED","file":"/resources/sql/01_sys_rbac.sql","tags":{"FILE_LINE_OF_CODE":"80"}}
{"ts":1782772623158,"action":"FILE_OPENED","file":"/resources/sql/02_knowledge.sql","tags":{"FILE_LINE_OF_CODE":"158"}}
{"ts":1782772631034,"action":"FILE_CLOSED","file":"/resources/sql/02_knowledge.sql","tags":{"FILE_LINE_OF_CODE":"158"}}
{"ts":1782772631034,"action":"FILE_OPENED","file":"/resources/sql/03_chat.sql","tags":{"FILE_LINE_OF_CODE":"47"}}
{"ts":1782772631525,"action":"FILE_CLOSED","file":"/resources/sql/03_chat.sql","tags":{"FILE_LINE_OF_CODE":"47"}}
{"ts":1782772631525,"action":"FILE_OPENED","file":"/resources/sql/04_rag.sql","tags":{"FILE_LINE_OF_CODE":"64"}}
{"ts":1782772632123,"action":"FILE_CLOSED","file":"/resources/sql/04_rag.sql","tags":{"FILE_LINE_OF_CODE":"64"}}
{"ts":1782772632123,"action":"FILE_OPENED","file":"/resources/sql/05_operation_log.sql","tags":{"FILE_LINE_OF_CODE":"21"}}
{"ts":1782772633832,"action":"FILE_CLOSED","file":"/resources/sql/05_operation_log.sql","tags":{"FILE_LINE_OF_CODE":"21"}}
{"ts":1782772634668,"action":"FILE_OPENED","file":"/resources/sql/00_database.sql","tags":{"FILE_LINE_OF_CODE":"7"}}
{"ts":1782772638978,"action":"IDE_DEACTIVATED"}
{"ts":1782772639651,"action":"IDE_ACTIVATED"}
{"ts":1782772646633,"action":"IDE_DEACTIVATED"}
{"ts":1782772668639,"action":"IDE_ACTIVATED"}
{"ts":1782772758914,"action":"IDE_DEACTIVATED"}
{"ts":1782772763686,"action":"IDE_ACTIVATED"}
{"ts":1782772779546,"action":"FILE_CLOSED","file":"/resources/sql/00_database.sql","tags":{"FILE_LINE_OF_CODE":"7"}}
{"ts":1782772779546,"action":"FILE_OPENED","file":"/resources/sql/01_sys_rbac.sql","tags":{"FILE_LINE_OF_CODE":"80"}}
{"ts":1782772786895,"action":"FILE_CLOSED","file":"/resources/sql/01_sys_rbac.sql","tags":{"FILE_LINE_OF_CODE":"80"}}
{"ts":1782772786895,"action":"FILE_OPENED","file":"/resources/sql/02_knowledge.sql","tags":{"FILE_LINE_OF_CODE":"158"}}
{"ts":1782772791371,"action":"FILE_CLOSED","file":"/resources/sql/02_knowledge.sql","tags":{"FILE_LINE_OF_CODE":"158"}}
{"ts":1782772791371,"action":"FILE_OPENED","file":"/resources/sql/03_chat.sql","tags":{"FILE_LINE_OF_CODE":"47"}}
{"ts":1782772798898,"action":"FILE_CLOSED","file":"/resources/sql/03_chat.sql","tags":{"FILE_LINE_OF_CODE":"47"}}
{"ts":1782772798898,"action":"FILE_OPENED","file":"/resources/sql/04_rag.sql","tags":{"FILE_LINE_OF_CODE":"64"}}
{"ts":1782772802976,"action":"FILE_CLOSED","file":"/resources/sql/04_rag.sql","tags":{"FILE_LINE_OF_CODE":"64"}}
{"ts":1782772802976,"action":"FILE_OPENED","file":"/resources/sql/05_operation_log.sql","tags":{"FILE_LINE_OF_CODE":"21"}}
{"ts":1782772808162,"action":"FILE_CLOSED","file":"/resources/sql/05_operation_log.sql","tags":{"FILE_LINE_OF_CODE":"21"}}
{"ts":1782772808162,"action":"FILE_OPENED","file":"/resources/sql/99_seed_data.sql","tags":{"FILE_LINE_OF_CODE":"38"}}
{"ts":1782772814827,"action":"FILE_CLOSED","file":"/resources/sql/99_seed_data.sql","tags":{"FILE_LINE_OF_CODE":"38"}}
{"ts":1782772816546,"action":"FILE_OPENED","file":"/resources/prototype/智能知识库平台实体关系设计.md","tags":{"FILE_LINE_OF_CODE":"1254"}}
{"ts":1782772818058,"action":"FILE_CLOSED","file":"/resources/prototype/智能知识库平台实体关系设计.md","tags":{"FILE_LINE_OF_CODE":"1254"}}
{"ts":1782772835234,"action":"FILE_OPENED","file":"/resources/prototype/智能知识库平台接口文档.md","tags":{"FILE_LINE_OF_CODE":"1824"}}
{"ts":1782772836677,"action":"FILE_CLOSED","file":"/resources/prototype/智能知识库平台接口文档.md","tags":{"FILE_LINE_OF_CODE":"1824"}}
{"ts":1782772862347,"action":"FILE_OPENED","file":"/oxygen-server/src/main/java/com/ethercraft/controller/AuthController.java","tags":{"FILE_LINE_OF_CODE":"91"}}
{"ts":1782772867696,"action":"IDE_DEACTIVATED"}
{"ts":1782777920972,"action":"IDE_ACTIVATED"}
{"ts":1782777926626,"action":"IDE_DEACTIVATED"}
{"ts":1782777930748,"action":"IDE_ACTIVATED"}
{"ts":1782777931361,"action":"IDE_DEACTIVATED"}
{"ts":1782777931793,"action":"IDE_ACTIVATED"}
{"ts":1782777932283,"action":"IDE_DEACTIVATED"}
{"ts":1782777933352,"action":"IDE_ACTIVATED"}
{"ts":1782777988215,"action":"FILE_CLOSED","file":"/oxygen-server/src/main/java/com/ethercraft/controller/AuthController.java","tags":{"FILE_LINE_OF_CODE":"91"}}
{"ts":1782777988215,"action":"FILE_OPENED","file":"/oxygen-common/src/main/java/com/ethercraft/enumeration/KnowledgeBaseStatus.java","tags":{"FILE_LINE_OF_CODE":"8"}}
{"ts":1782777992579,"action":"FILE_CLOSED","file":"/oxygen-common/src/main/java/com/ethercraft/enumeration/KnowledgeBaseStatus.java","tags":{"FILE_LINE_OF_CODE":"8"}}
{"ts":1782777992579,"action":"FILE_OPENED","file":"/oxygen-common/src/main/java/com/ethercraft/enumeration/SpaceRole.java","tags":{"FILE_LINE_OF_CODE":"11"}}
{"ts":1782777994613,"action":"FILE_CLOSED","file":"/oxygen-common/src/main/java/com/ethercraft/enumeration/SpaceRole.java","tags":{"FILE_LINE_OF_CODE":"11"}}
{"ts":1782777999208,"action":"FILE_OPENED","file":"/oxygen-server/src/main/java/com/ethercraft/controller/AuthController.java","tags":{"FILE_LINE_OF_CODE":"91"}}
